{"D:\\Web\\Netology\\ajs\\typescript\\CardList\\src\\ts\\domain\\Book.ts": {"path":"D:\\Web\\Netology\\ajs\\typescript\\CardList\\src\\ts\\domain\\Book.ts","statementMap":{"0":{"start":{"line":13,"column":0},"end":{"line":13,"column":null}},"1":{"start":{"line":15,"column":17},"end":{"line":15,"column":27}},"2":{"start":{"line":16,"column":17},"end":{"line":16,"column":29}},"3":{"start":{"line":17,"column":17},"end":{"line":17,"column":31}},"4":{"start":{"line":18,"column":17},"end":{"line":18,"column":30}},"5":{"start":{"line":19,"column":17},"end":{"line":19,"column":30}},"6":{"start":{"line":20,"column":17},"end":{"line":20,"column":35}},"7":{"start":{"line":22,"column":0},"end":{"line":22,"column":null}}},"fnMap":{"0":{"name":"(anonymous_0)","decl":{"start":{"line":13,"column":0},"end":{"line":13,"column":null}},"loc":{"start":{"line":13,"column":0},"end":{"line":22,"column":null}}},"1":{"name":"Book","decl":{"start":{"line":14,"column":4},"end":{"line":14,"column":null}},"loc":{"start":{"line":20,"column":35},"end":{"line":21,"column":9}}}},"branchMap":{},"s":{"0":1,"1":8,"2":8,"3":8,"4":8,"5":8,"6":8,"7":1},"f":{"0":1,"1":8},"b":{}}
,"D:\\Web\\Netology\\ajs\\typescript\\CardList\\src\\ts\\domain\\Movie.ts": {"path":"D:\\Web\\Netology\\ajs\\typescript\\CardList\\src\\ts\\domain\\Movie.ts","statementMap":{"0":{"start":{"line":13,"column":0},"end":{"line":13,"column":null}},"1":{"start":{"line":15,"column":17},"end":{"line":15,"column":27}},"2":{"start":{"line":16,"column":17},"end":{"line":16,"column":29}},"3":{"start":{"line":17,"column":17},"end":{"line":17,"column":36}},"4":{"start":{"line":18,"column":17},"end":{"line":18,"column":30}},"5":{"start":{"line":19,"column":17},"end":{"line":19,"column":29}},"6":{"start":{"line":20,"column":17},"end":{"line":20,"column":32}},"7":{"start":{"line":21,"column":17},"end":{"line":21,"column":32}},"8":{"start":{"line":22,"column":17},"end":{"line":22,"column":30}},"9":{"start":{"line":23,"column":17},"end":{"line":23,"column":33}},"10":{"start":{"line":24,"column":17},"end":{"line":24,"column":35}},"11":{"start":{"line":26,"column":0},"end":{"line":26,"column":null}}},"fnMap":{"0":{"name":"(anonymous_0)","decl":{"start":{"line":13,"column":0},"end":{"line":13,"column":null}},"loc":{"start":{"line":13,"column":0},"end":{"line":26,"column":null}}},"1":{"name":"Movie","decl":{"start":{"line":14,"column":4},"end":{"line":14,"column":null}},"loc":{"start":{"line":24,"column":35},"end":{"line":25,"column":9}}}},"branchMap":{},"s":{"0":1,"1":8,"2":8,"3":8,"4":8,"5":8,"6":8,"7":8,"8":8,"9":8,"10":8,"11":1},"f":{"0":1,"1":8},"b":{}}
,"D:\\Web\\Netology\\ajs\\typescript\\CardList\\src\\ts\\domain\\MusicAlbum.ts": {"path":"D:\\Web\\Netology\\ajs\\typescript\\CardList\\src\\ts\\domain\\MusicAlbum.ts","statementMap":{"0":{"start":{"line":3,"column":0},"end":{"line":3,"column":null}},"1":{"start":{"line":5,"column":17},"end":{"line":5,"column":27}},"2":{"start":{"line":6,"column":17},"end":{"line":6,"column":29}},"3":{"start":{"line":7,"column":17},"end":{"line":7,"column":31}},"4":{"start":{"line":8,"column":17},"end":{"line":8,"column":30}},"5":{"start":{"line":9,"column":17},"end":{"line":9,"column":35}},"6":{"start":{"line":11,"column":0},"end":{"line":11,"column":null}}},"fnMap":{"0":{"name":"(anonymous_0)","decl":{"start":{"line":3,"column":0},"end":{"line":3,"column":null}},"loc":{"start":{"line":3,"column":0},"end":{"line":11,"column":null}}},"1":{"name":"MusicAlbum","decl":{"start":{"line":4,"column":4},"end":{"line":4,"column":null}},"loc":{"start":{"line":9,"column":35},"end":{"line":10,"column":9}}}},"branchMap":{},"s":{"0":1,"1":8,"2":8,"3":8,"4":8,"5":8,"6":1},"f":{"0":1,"1":8},"b":{}}
,"D:\\Web\\Netology\\ajs\\typescript\\CardList\\src\\ts\\service\\Cart.ts": {"path":"D:\\Web\\Netology\\ajs\\typescript\\CardList\\src\\ts\\service\\Cart.ts","statementMap":{"0":{"start":{"line":5,"column":0},"end":{"line":5,"column":null}},"1":{"start":{"line":6,"column":12},"end":{"line":6,"column":35}},"2":{"start":{"line":8,"column":4},"end":{"line":15,"column":null}},"3":{"start":{"line":9,"column":8},"end":{"line":13,"column":null}},"4":{"start":{"line":10,"column":12},"end":{"line":10,"column":34}},"5":{"start":{"line":12,"column":12},"end":{"line":12,"column":35}},"6":{"start":{"line":16,"column":4},"end":{"line":20,"column":null}},"7":{"start":{"line":17,"column":8},"end":{"line":19,"column":null}},"8":{"start":{"line":17,"column":36},"end":{"line":17,"column":56}},"9":{"start":{"line":18,"column":12},"end":{"line":18,"column":35}},"10":{"start":{"line":21,"column":4},"end":{"line":33,"column":null}},"11":{"start":{"line":22,"column":18},"end":{"line":22,"column":50}},"12":{"start":{"line":22,"column":42},"end":{"line":22,"column":50}},"13":{"start":{"line":23,"column":20},"end":{"line":23,"column":44}},"14":{"start":{"line":26,"column":28},"end":{"line":26,"column":40}},"15":{"start":{"line":27,"column":12},"end":{"line":27,"column":63}},"16":{"start":{"line":27,"column":44},"end":{"line":27,"column":62}},"17":{"start":{"line":28,"column":12},"end":{"line":30,"column":null}},"18":{"start":{"line":29,"column":16},"end":{"line":29,"column":null}},"19":{"start":{"line":25,"column":8},"end":{"line":31,"column":null}},"20":{"start":{"line":25,"column":25},"end":{"line":25,"column":26}},"21":{"start":{"line":25,"column":17},"end":{"line":25,"column":25}},"22":{"start":{"line":35,"column":4},"end":{"line":37,"column":null}},"23":{"start":{"line":36,"column":8},"end":{"line":36,"column":67}},"24":{"start":{"line":36,"column":47},"end":{"line":36,"column":64}},"25":{"start":{"line":38,"column":4},"end":{"line":41,"column":null}},"26":{"start":{"line":39,"column":18},"end":{"line":39,"column":69}},"27":{"start":{"line":39,"column":50},"end":{"line":39,"column":67}},"28":{"start":{"line":40,"column":7},"end":{"line":40,"column":40}},"29":{"start":{"line":42,"column":4},"end":{"line":48,"column":null}},"30":{"start":{"line":43,"column":8},"end":{"line":47,"column":null}},"31":{"start":{"line":43,"column":42},"end":{"line":43,"column":59}},"32":{"start":{"line":44,"column":12},"end":{"line":44,"column":null}},"33":{"start":{"line":44,"column":61},"end":{"line":44,"column":78}},"34":{"start":{"line":46,"column":12},"end":{"line":46,"column":null}},"35":{"start":{"line":49,"column":4},"end":{"line":51,"column":null}},"36":{"start":{"line":50,"column":8},"end":{"line":50,"column":32}},"37":{"start":{"line":52,"column":0},"end":{"line":52,"column":null}}},"fnMap":{"0":{"name":"(anonymous_1)","decl":{"start":{"line":5,"column":0},"end":{"line":5,"column":null}},"loc":{"start":{"line":5,"column":0},"end":{"line":52,"column":null}}},"1":{"name":"(anonymous_3)","decl":{"start":{"line":8,"column":4},"end":{"line":8,"column":7}},"loc":{"start":{"line":8,"column":21},"end":{"line":15,"column":5}}},"2":{"name":"(anonymous_4)","decl":{"start":{"line":16,"column":4},"end":{"line":16,"column":14}},"loc":{"start":{"line":16,"column":27},"end":{"line":20,"column":5}}},"3":{"name":"(anonymous_5)","decl":{"start":{"line":17,"column":29},"end":{"line":17,"column":34}},"loc":{"start":{"line":17,"column":34},"end":{"line":17,"column":41}}},"4":{"name":"(anonymous_6)","decl":{"start":{"line":21,"column":4},"end":{"line":21,"column":18}},"loc":{"start":{"line":21,"column":4},"end":{"line":33,"column":5}}},"5":{"name":"(anonymous_7)","decl":{"start":{"line":22,"column":34},"end":{"line":22,"column":38}},"loc":{"start":{"line":22,"column":38},"end":{"line":22,"column":46}}},"6":{"name":"(anonymous_9)","decl":{"start":{"line":27,"column":37},"end":{"line":27,"column":40}},"loc":{"start":{"line":27,"column":40},"end":{"line":27,"column":47}}},"7":{"name":"(anonymous_10)","decl":{"start":{"line":35,"column":4},"end":{"line":35,"column":12}},"loc":{"start":{"line":35,"column":4},"end":{"line":37,"column":5}}},"8":{"name":"(anonymous_11)","decl":{"start":{"line":36,"column":34},"end":{"line":36,"column":35}},"loc":{"start":{"line":36,"column":42},"end":{"line":36,"column":50}}},"9":{"name":"(anonymous_12)","decl":{"start":{"line":38,"column":4},"end":{"line":38,"column":17}},"loc":{"start":{"line":38,"column":30},"end":{"line":41,"column":5}}},"10":{"name":"(anonymous_13)","decl":{"start":{"line":39,"column":37},"end":{"line":39,"column":38}},"loc":{"start":{"line":39,"column":45},"end":{"line":39,"column":53}}},"11":{"name":"(anonymous_14)","decl":{"start":{"line":42,"column":4},"end":{"line":42,"column":14}},"loc":{"start":{"line":42,"column":29},"end":{"line":48,"column":5}}},"12":{"name":"(anonymous_15)","decl":{"start":{"line":43,"column":35},"end":{"line":43,"column":40}},"loc":{"start":{"line":43,"column":40},"end":{"line":43,"column":47}}},"13":{"name":"(anonymous_16)","decl":{"start":{"line":44,"column":54},"end":{"line":44,"column":59}},"loc":{"start":{"line":44,"column":59},"end":{"line":44,"column":66}}},"14":{"name":"(anonymous_17)","decl":{"start":{"line":49,"column":4},"end":{"line":49,"column":8}},"loc":{"start":{"line":49,"column":4},"end":{"line":51,"column":5}}}},"branchMap":{"0":{"loc":{"start":{"line":9,"column":8},"end":{"line":13,"column":null}},"type":"if","locations":[{"start":{"line":9,"column":8},"end":{"line":13,"column":null}},{"start":{"line":11,"column":15},"end":{"line":13,"column":null}}]},"1":{"loc":{"start":{"line":17,"column":8},"end":{"line":19,"column":null}},"type":"if","locations":[{"start":{"line":17,"column":8},"end":{"line":19,"column":null}}]},"2":{"loc":{"start":{"line":28,"column":12},"end":{"line":30,"column":null}},"type":"if","locations":[{"start":{"line":28,"column":12},"end":{"line":30,"column":null}}]},"3":{"loc":{"start":{"line":43,"column":8},"end":{"line":47,"column":null}},"type":"if","locations":[{"start":{"line":43,"column":8},"end":{"line":47,"column":null}},{"start":{"line":45,"column":15},"end":{"line":47,"column":null}}]}},"s":{"0":1,"1":8,"2":1,"3":24,"4":20,"5":4,"6":1,"7":20,"8":23,"9":18,"10":1,"11":1,"12":4,"13":1,"14":3,"15":3,"16":12,"17":3,"18":1,"19":1,"20":1,"21":3,"22":1,"23":1,"24":3,"25":1,"26":1,"27":3,"28":1,"29":1,"30":3,"31":7,"32":2,"33":4,"34":1,"35":1,"36":5,"37":1},"f":{"0":9,"1":24,"2":20,"3":23,"4":1,"5":4,"6":12,"7":1,"8":3,"9":1,"10":3,"11":3,"12":7,"13":4,"14":5},"b":{"0":[20,4],"1":[18],"2":[1],"3":[2,1]}}
}
