TN:
SF:src\ts\domain\Book.ts
FN:13,(anonymous_0)
FN:14,Book
FNF:2
FNH:2
FNDA:1,(anonymous_0)
FNDA:8,Book
DA:13,1
DA:15,8
DA:16,8
DA:17,8
DA:18,8
DA:19,8
DA:20,8
DA:22,1
LF:8
LH:8
BRF:0
BRH:0
end_of_record
TN:
SF:src\ts\domain\Movie.ts
FN:13,(anonymous_0)
FN:14,Movie
FNF:2
FNH:2
FNDA:1,(anonymous_0)
FNDA:8,Movie
DA:13,1
DA:15,8
DA:16,8
DA:17,8
DA:18,8
DA:19,8
DA:20,8
DA:21,8
DA:22,8
DA:23,8
DA:24,8
DA:26,1
LF:12
LH:12
BRF:0
BRH:0
end_of_record
TN:
SF:src\ts\domain\MusicAlbum.ts
FN:3,(anonymous_0)
FN:4,MusicAlbum
FNF:2
FNH:2
FNDA:1,(anonymous_0)
FNDA:8,MusicAlbum
DA:3,1
DA:5,8
DA:6,8
DA:7,8
DA:8,8
DA:9,8
DA:11,1
LF:7
LH:7
BRF:0
BRH:0
end_of_record
TN:
SF:src\ts\service\Cart.ts
FN:5,(anonymous_1)
FN:8,(anonymous_3)
FN:16,(anonymous_4)
FN:17,(anonymous_5)
FN:21,(anonymous_6)
FN:22,(anonymous_7)
FN:27,(anonymous_9)
FN:35,(anonymous_10)
FN:36,(anonymous_11)
FN:38,(anonymous_12)
FN:39,(anonymous_13)
FN:42,(anonymous_14)
FN:43,(anonymous_15)
FN:44,(anonymous_16)
FN:49,(anonymous_17)
FNF:15
FNH:15
FNDA:9,(anonymous_1)
FNDA:24,(anonymous_3)
FNDA:20,(anonymous_4)
FNDA:23,(anonymous_5)
FNDA:1,(anonymous_6)
FNDA:4,(anonymous_7)
FNDA:12,(anonymous_9)
FNDA:1,(anonymous_10)
FNDA:3,(anonymous_11)
FNDA:1,(anonymous_12)
FNDA:3,(anonymous_13)
FNDA:3,(anonymous_14)
FNDA:7,(anonymous_15)
FNDA:4,(anonymous_16)
FNDA:5,(anonymous_17)
DA:5,1
DA:6,8
DA:8,1
DA:9,24
DA:10,20
DA:12,4
DA:16,1
DA:17,23
DA:18,18
DA:21,1
DA:22,4
DA:23,1
DA:25,3
DA:26,3
DA:27,12
DA:28,3
DA:29,1
DA:35,1
DA:36,3
DA:38,1
DA:39,3
DA:40,1
DA:42,1
DA:43,7
DA:44,4
DA:46,1
DA:49,1
DA:50,5
DA:52,1
LF:29
LH:29
BRDA:9,0,0,20
BRDA:9,0,1,4
BRDA:17,1,0,18
BRDA:28,2,0,1
BRDA:43,3,0,2
BRDA:43,3,1,1
BRF:6
BRH:6
end_of_record
